<?xml version="1.0" encoding="UTF-8"?>
<!-- Generated by org.testng.reporters.JUnitReportReporter -->
<testsuite hostname="Awais-Office-Laptop" failures="0" tests="1" name="test_cases.logs" time="3.760" errors="0" timestamp="2024-03-13T14:50:51 PKT" skipped="0">
  <testcase classname="test_cases.logs" name="print" time="3.760"/>
</testsuite> <!-- test_cases.logs -->
